<?xml version="1.0" encoding="utf-8"?><testsuites name="pytest tests"><testsuite name="pytest" errors="0" failures="0" skipped="0" tests="16" time="1.338" timestamp="2026-02-14T11:31:53.926436+00:00" hostname="agent-env-5dd30b0e-f2e6-40f8-8232-1c33f595b2ce"><testcase classname="backend.tests.test_leviathan.TestHealthEndpoint" name="test_health_endpoint" time="0.584" /><testcase classname="backend.tests.test_leviathan.TestHealthEndpoint" name="test_rooms_endpoint" time="0.567" /><testcase classname="backend.tests.test_leviathan.TestLeviathanConfiguration" name="test_leviathan_in_ship_classes" time="0.001" /><testcase classname="backend.tests.test_leviathan.TestLeviathanConfiguration" name="test_leviathan_stats" time="0.000" /><testcase classname="backend.tests.test_leviathan.TestLeviathanConfiguration" name="test_leviathan_player_creation" time="0.001" /><testcase classname="backend.tests.test_leviathan.TestLeviathanConfiguration" name="test_leviathan_player_to_dict" time="0.001" /><testcase classname="backend.tests.test_leviathan.TestLeviathanAbilityConstants" name="test_bio_stasis_constants" time="0.000" /><testcase classname="backend.tests.test_leviathan.TestLeviathanAbilityConstants" name="test_spore_cloud_constants" time="0.000" /><testcase classname="backend.tests.test_leviathan.TestLeviathanAbilityConstants" name="test_mutalisk_constants" time="0.000" /><testcase classname="backend.tests.test_leviathan.TestLeviathanAbilityConstants" name="test_bile_swell_constants" time="0.000" /><testcase classname="backend.tests.test_leviathan.TestLeviathanAbilityConstants" name="test_bio_regen_constants" time="0.000" /><testcase classname="backend.tests.test_leviathan.TestLeviathanClasses" name="test_spore_cloud_class" time="0.000" /><testcase classname="backend.tests.test_leviathan.TestLeviathanClasses" name="test_mutalisk_class" time="0.000" /><testcase classname="backend.tests.test_leviathan.TestAllShipClasses" name="test_all_ship_classes_exist" time="0.000" /><testcase classname="backend.tests.test_leviathan.TestAllShipClasses" name="test_vanguard_stats" time="0.000" /><testcase classname="backend.tests.test_leviathan.TestAllShipClasses" name="test_dreadnought_stats" time="0.000" /></testsuite></testsuites>